**** Incremental Build [Fri, 9 Aug 2019 20:48:30] ****
 Project: Task7_AE
 Configuration: hifi3_bd5
 Build Target: Release
********************************

"C:\\usr\\xtensa\\XtDevTools\\install\\tools\\RI-2019.1-win32\\XtensaTools\\bin\\xt-xcc" -c -g -O3 -fmessage-length=0 -I "\"C:/usr/xtensa/Xplorer-8.0.10-workspaces/workspace/Task7_AE\"" -DPROC_hifi3_bd5 -DCONFIG_hifi3_bd5 --xtensa-system=C:/usr/xtensa/XtDevTools/install/builds/RI-2019.1-win32/hifi3_bd5/config --xtensa-core=hifi3_bd5 --xtensa-params= "\"C:/usr/xtensa/Xplorer-8.0.10-workspaces/workspace/Task7_AE/main.c\"" -o "\"C:/usr/xtensa/Xplorer-8.0.10-workspaces/workspace/Task7_AE/bin/hifi3_bd5/Release/main.o\"" 
Time taken: 1281 ms 

"C:\\usr\\xtensa\\XtDevTools\\install\\tools\\RI-2019.1-win32\\XtensaTools\\bin\\xt-xcc" -c -g -O3 -fmessage-length=0 -I "\"C:/usr/xtensa/Xplorer-8.0.10-workspaces/workspace/Task7_AE\"" -DPROC_hifi3_bd5 -DCONFIG_hifi3_bd5 --xtensa-system=C:/usr/xtensa/XtDevTools/install/builds/RI-2019.1-win32/hifi3_bd5/config --xtensa-core=hifi3_bd5 --xtensa-params= "\"C:/usr/xtensa/Xplorer-8.0.10-workspaces/workspace/Task7_AE/AmplitudeProc.c\"" -o "\"C:/usr/xtensa/Xplorer-8.0.10-workspaces/workspace/Task7_AE/bin/hifi3_bd5/Release/AmplitudeProc.o\"" 
Time taken: 1733 ms 

"C:\\usr\\xtensa\\XtDevTools\\install\\tools\\RI-2019.1-win32\\XtensaTools\\bin\\xt-xc++" -Wl,@C:/usr/xtensa/Xplorer-8.0.10-workspaces/workspace/Task7_AE/bin/hifi3_bd5/Release/objfiles.list -o C:/usr/xtensa/Xplorer-8.0.10-workspaces/workspace/Task7_AE/bin/hifi3_bd5/Release/Task7_AE.minsize -mlsp=sim -Wl,-r -nostdlib --xtensa-system=C:/usr/xtensa/XtDevTools/install/builds/RI-2019.1-win32/hifi3_bd5/config --xtensa-core=hifi3_bd5 --xtensa-params= 
Time taken: 191 ms 

"C:\\usr\\xtensa\\XtDevTools\\install\\tools\\RI-2019.1-win32\\XtensaTools\\bin\\xt-xc++" -Wl,@C:/usr/xtensa/Xplorer-8.0.10-workspaces/workspace/Task7_AE/bin/hifi3_bd5/Release/objfiles.list -o C:/usr/xtensa/Xplorer-8.0.10-workspaces/workspace/Task7_AE/bin/hifi3_bd5/Release/Task7_AE -mlsp=sim --xtensa-system=C:/usr/xtensa/XtDevTools/install/builds/RI-2019.1-win32/hifi3_bd5/config --xtensa-core=hifi3_bd5 --xtensa-params= 
Time taken: 436 ms 

******* Code size summary *****

"C:\\usr\\xtensa\\XtDevTools\\install\\tools\\RI-2019.1-win32\\XtensaTools\\bin\\xt-size" -C C:/usr/xtensa/Xplorer-8.0.10-workspaces/workspace/Task7_AE/bin/hifi3_bd5/Release/Task7_AE 
TYPE   	   text	 rodata	   data	    bss	    dec    hex	filename
code   	  34173	      0	      0	      0	  34173	   857d	C:/usr/xtensa/Xplorer-8.0.10-workspaces/workspace/Task7_AE/bin/hifi3_bd5/Release/Task7_AE
literal	    912	      0	      0	      0	    912	    390	C:/usr/xtensa/Xplorer-8.0.10-workspaces/workspace/Task7_AE/bin/hifi3_bd5/Release/Task7_AE
other  	   1027	   3692	    904	   1144	   6767	   1a6f	C:/usr/xtensa/Xplorer-8.0.10-workspaces/workspace/Task7_AE/bin/hifi3_bd5/Release/Task7_AE
Total  	  36112	   3692	    904	   1144	  41852	   a37c	C:/usr/xtensa/Xplorer-8.0.10-workspaces/workspace/Task7_AE/bin/hifi3_bd5/Release/Task7_AE

Time taken: 159 ms 

******* ************** *****

Build successful !!
Total time taken: 2.843 secs
**** Build Finished [Fri, 9 Aug 2019 20:48:33] ****
