**** Incremental Build [Thu, 25 Jul 2019 19:33:36] ****
 Project: Task7_AE
 Configuration: hifi3_bd5
 Build Target: Release
********************************

"C:\\usr\\xtensa\\XtDevTools\\install\\tools\\RI-2019.1-win32\\XtensaTools\\bin\\xt-xcc" -c -g -O3 -fmessage-length=0 -I "\"C:/usr/xtensa/Xplorer-8.0.10-workspaces/workspace/Task7_AE\"" -DPROC_hifi3_bd5 -DCONFIG_hifi3_bd5 --xtensa-system=C:/usr/xtensa/XtDevTools/install/builds/RI-2019.1-win32/hifi3_bd5/config --xtensa-core=hifi3_bd5 --xtensa-params= "\"C:/usr/xtensa/Xplorer-8.0.10-workspaces/workspace/Task7_AE/main.c\"" -o "\"C:/usr/xtensa/Xplorer-8.0.10-workspaces/workspace/Task7_AE/bin/hifi3_bd5/Release/main.o\"" 
Time taken: 1650 ms 

"C:\\usr\\xtensa\\XtDevTools\\install\\tools\\RI-2019.1-win32\\XtensaTools\\bin\\xt-xc++" -Wl,@C:/usr/xtensa/Xplorer-8.0.10-workspaces/workspace/Task7_AE/bin/hifi3_bd5/Release/objfiles.list -o C:/usr/xtensa/Xplorer-8.0.10-workspaces/workspace/Task7_AE/bin/hifi3_bd5/Release/Task7_AE.minsize -mlsp=sim -Wl,-r -nostdlib --xtensa-system=C:/usr/xtensa/XtDevTools/install/builds/RI-2019.1-win32/hifi3_bd5/config --xtensa-core=hifi3_bd5 --xtensa-params= 
Time taken: 192 ms 

"C:\\usr\\xtensa\\XtDevTools\\install\\tools\\RI-2019.1-win32\\XtensaTools\\bin\\xt-xc++" -Wl,@C:/usr/xtensa/Xplorer-8.0.10-workspaces/workspace/Task7_AE/bin/hifi3_bd5/Release/objfiles.list -o C:/usr/xtensa/Xplorer-8.0.10-workspaces/workspace/Task7_AE/bin/hifi3_bd5/Release/Task7_AE -mlsp=sim --xtensa-system=C:/usr/xtensa/XtDevTools/install/builds/RI-2019.1-win32/hifi3_bd5/config --xtensa-core=hifi3_bd5 --xtensa-params= 
Time taken: 400 ms 

******* Code size summary *****

"C:\\usr\\xtensa\\XtDevTools\\install\\tools\\RI-2019.1-win32\\XtensaTools\\bin\\xt-size" -C C:/usr/xtensa/Xplorer-8.0.10-workspaces/workspace/Task7_AE/bin/hifi3_bd5/Release/Task7_AE 
TYPE   	   text	 rodata	   data	    bss	    dec    hex	filename
code   	  30552	      0	      0	      0	  30552	   7758	C:/usr/xtensa/Xplorer-8.0.10-workspaces/workspace/Task7_AE/bin/hifi3_bd5/Release/Task7_AE
literal	    888	      0	      0	      0	    888	    378	C:/usr/xtensa/Xplorer-8.0.10-workspaces/workspace/Task7_AE/bin/hifi3_bd5/Release/Task7_AE
other  	   1000	   2084	    904	   1144	   5132	   140c	C:/usr/xtensa/Xplorer-8.0.10-workspaces/workspace/Task7_AE/bin/hifi3_bd5/Release/Task7_AE
Total  	  32440	   2084	    904	   1144	  36572	   8edc	C:/usr/xtensa/Xplorer-8.0.10-workspaces/workspace/Task7_AE/bin/hifi3_bd5/Release/Task7_AE

Time taken: 213 ms 

******* ************** *****

Build successful !!
Total time taken: 2.765 secs
**** Build Finished [Thu, 25 Jul 2019 19:33:38] ****
