**** Incremental Build [Wed, 17 Jul 2019 19:21:46] ****
 Project: Task7_AE
 Configuration: hifi3_bd5
 Build Target: Debug
********************************

"C:\\usr\\xtensa\\XtDevTools\\install\\tools\\RI-2019.1-win32\\XtensaTools\\bin\\xt-xcc" -c -g -O0 -fmessage-length=0 -I "\"C:/usr/xtensa/Xplorer-8.0.10-workspaces/workspace/Task7_AE\"" -DPROC_hifi3_bd5 -DCONFIG_hifi3_bd5 --xtensa-system=C:/usr/xtensa/XtDevTools/install/builds/RI-2019.1-win32/hifi3_bd5/config --xtensa-core=hifi3_bd5 --xtensa-params= "\"C:/usr/xtensa/Xplorer-8.0.10-workspaces/workspace/Task7_AE/main.c\"" -o "\"C:/usr/xtensa/Xplorer-8.0.10-workspaces/workspace/Task7_AE/bin/hifi3_bd5/Debug/main.o\"" 
Time taken: 1672 ms 

"C:\\usr\\xtensa\\XtDevTools\\install\\tools\\RI-2019.1-win32\\XtensaTools\\bin\\xt-xc++" -Wl,@C:/usr/xtensa/Xplorer-8.0.10-workspaces/workspace/Task7_AE/bin/hifi3_bd5/Debug/objfiles.list -o C:/usr/xtensa/Xplorer-8.0.10-workspaces/workspace/Task7_AE/bin/hifi3_bd5/Debug/Task7_AE.minsize -mlsp=sim -Wl,-r -nostdlib --xtensa-system=C:/usr/xtensa/XtDevTools/install/builds/RI-2019.1-win32/hifi3_bd5/config --xtensa-core=hifi3_bd5 --xtensa-params= 
Time taken: 437 ms 

"C:\\usr\\xtensa\\XtDevTools\\install\\tools\\RI-2019.1-win32\\XtensaTools\\bin\\xt-xc++" -Wl,@C:/usr/xtensa/Xplorer-8.0.10-workspaces/workspace/Task7_AE/bin/hifi3_bd5/Debug/objfiles.list -o C:/usr/xtensa/Xplorer-8.0.10-workspaces/workspace/Task7_AE/bin/hifi3_bd5/Debug/Task7_AE -mlsp=sim --xtensa-system=C:/usr/xtensa/XtDevTools/install/builds/RI-2019.1-win32/hifi3_bd5/config --xtensa-core=hifi3_bd5 --xtensa-params= 
Time taken: 609 ms 

******* Code size summary *****

"C:\\usr\\xtensa\\XtDevTools\\install\\tools\\RI-2019.1-win32\\XtensaTools\\bin\\xt-size" -C C:/usr/xtensa/Xplorer-8.0.10-workspaces/workspace/Task7_AE/bin/hifi3_bd5/Debug/Task7_AE 
TYPE   	   text	 rodata	   data	    bss	    dec    hex	filename
code   	  25416	      0	      0	      0	  25416	   6348	C:/usr/xtensa/Xplorer-8.0.10-workspaces/workspace/Task7_AE/bin/hifi3_bd5/Debug/Task7_AE
literal	    684	      0	      0	      0	    684	    2ac	C:/usr/xtensa/Xplorer-8.0.10-workspaces/workspace/Task7_AE/bin/hifi3_bd5/Debug/Task7_AE
other  	    892	   1916	    892	   1128	   4828	   12dc	C:/usr/xtensa/Xplorer-8.0.10-workspaces/workspace/Task7_AE/bin/hifi3_bd5/Debug/Task7_AE
Total  	  26992	   1916	    892	   1128	  30928	   78d0	C:/usr/xtensa/Xplorer-8.0.10-workspaces/workspace/Task7_AE/bin/hifi3_bd5/Debug/Task7_AE

Time taken: 281 ms 

******* ************** *****

Build successful !!
Total time taken: 3.172 secs
**** Build Finished [Wed, 17 Jul 2019 19:21:49] ****
