**** Incremental Build [Thu, 18 Jul 2019 18:32:58] ****
 Project: Task7_AE
 Configuration: hifi3_bd5
 Build Target: Debug
********************************

"C:\\usr\\xtensa\\XtDevTools\\install\\tools\\RI-2019.1-win32\\XtensaTools\\bin\\xt-xcc" -c -g -O0 -fmessage-length=0 -I "\"C:/usr/xtensa/Xplorer-8.0.10-workspaces/workspace/Task7_AE\"" -DPROC_hifi3_bd5 -DCONFIG_hifi3_bd5 --xtensa-system=C:/usr/xtensa/XtDevTools/install/builds/RI-2019.1-win32/hifi3_bd5/config --xtensa-core=hifi3_bd5 --xtensa-params= "\"C:/usr/xtensa/Xplorer-8.0.10-workspaces/workspace/Task7_AE/main.c\"" -o "\"C:/usr/xtensa/Xplorer-8.0.10-workspaces/workspace/Task7_AE/bin/hifi3_bd5/Debug/main.o\"" 
Time taken: 1723 ms 

"C:\\usr\\xtensa\\XtDevTools\\install\\tools\\RI-2019.1-win32\\XtensaTools\\bin\\xt-xc++" -Wl,@C:/usr/xtensa/Xplorer-8.0.10-workspaces/workspace/Task7_AE/bin/hifi3_bd5/Debug/objfiles.list -o C:/usr/xtensa/Xplorer-8.0.10-workspaces/workspace/Task7_AE/bin/hifi3_bd5/Debug/Task7_AE.minsize -mlsp=sim -Wl,-r -nostdlib --xtensa-system=C:/usr/xtensa/XtDevTools/install/builds/RI-2019.1-win32/hifi3_bd5/config --xtensa-core=hifi3_bd5 --xtensa-params= 
Time taken: 541 ms 

"C:\\usr\\xtensa\\XtDevTools\\install\\tools\\RI-2019.1-win32\\XtensaTools\\bin\\xt-xc++" -Wl,@C:/usr/xtensa/Xplorer-8.0.10-workspaces/workspace/Task7_AE/bin/hifi3_bd5/Debug/objfiles.list -o C:/usr/xtensa/Xplorer-8.0.10-workspaces/workspace/Task7_AE/bin/hifi3_bd5/Debug/Task7_AE -mlsp=sim --xtensa-system=C:/usr/xtensa/XtDevTools/install/builds/RI-2019.1-win32/hifi3_bd5/config --xtensa-core=hifi3_bd5 --xtensa-params= 
Time taken: 649 ms 

******* Code size summary *****

"C:\\usr\\xtensa\\XtDevTools\\install\\tools\\RI-2019.1-win32\\XtensaTools\\bin\\xt-size" -C C:/usr/xtensa/Xplorer-8.0.10-workspaces/workspace/Task7_AE/bin/hifi3_bd5/Debug/Task7_AE 
TYPE   	   text	 rodata	   data	    bss	    dec    hex	filename
code   	  26449	      0	      0	      0	  26449	   6751	C:/usr/xtensa/Xplorer-8.0.10-workspaces/workspace/Task7_AE/bin/hifi3_bd5/Debug/Task7_AE
literal	    668	      0	      0	      0	    668	    29c	C:/usr/xtensa/Xplorer-8.0.10-workspaces/workspace/Task7_AE/bin/hifi3_bd5/Debug/Task7_AE
other  	    891	   1916	    892	   1128	   4827	   12db	C:/usr/xtensa/Xplorer-8.0.10-workspaces/workspace/Task7_AE/bin/hifi3_bd5/Debug/Task7_AE
Total  	  28008	   1916	    892	   1128	  31944	   7cc8	C:/usr/xtensa/Xplorer-8.0.10-workspaces/workspace/Task7_AE/bin/hifi3_bd5/Debug/Task7_AE

Time taken: 284 ms 

******* ************** *****

Build successful !!
Total time taken: 3.543 secs
**** Build Finished [Thu, 18 Jul 2019 18:33:02] ****
